<?xml version="1.0" encoding="UTF-8"?>
<testng-results ignored="0" total="6" passed="6" failed="0" skipped="0">
  <reporter-output>
  </reporter-output>
  <suite started-at="2025-09-24T08:02:31 IST" name="Default suite" finished-at="2025-09-24T08:03:02 IST" duration-ms="30996">
    <groups>
    </groups>
    <test started-at="2025-09-24T08:02:31 IST" name="Default test" finished-at="2025-09-24T08:03:02 IST" duration-ms="30996">
      <class name="com.TestNGDemos.D15LoginToOHRM_DDF">
        <test-method is-config="true" signature="beforeTest()[pri:0, instance:com.TestNGDemos.D15LoginToOHRM_DDF@6ed3ccb2]" started-at="2025-09-24T08:02:31 IST" name="beforeTest" finished-at="2025-09-24T08:02:42 IST" duration-ms="11675" status="PASS">
          <reporter-output>
          </reporter-output>
        </test-method> <!-- beforeTest -->
        <test-method signature="loginToOHRM(java.lang.String,java.lang.String)[pri:0, instance:com.TestNGDemos.D15LoginToOHRM_DDF@6ed3ccb2]" started-at="2025-09-24T08:02:43 IST" name="loginToOHRM" data-provider="getLoginDetails" finished-at="2025-09-24T08:02:45 IST" duration-ms="2337" status="PASS">
          <params>
            <param index="0">
              <value>
                <![CDATA[admin]]>
              </value>
            </param>
            <param index="1">
              <value>
                <![CDATA[admin123]]>
              </value>
            </param>
          </params>
          <reporter-output>
          </reporter-output>
        </test-method> <!-- loginToOHRM -->
        <test-method is-config="true" signature="logout()[pri:0, instance:com.TestNGDemos.D15LoginToOHRM_DDF@6ed3ccb2]" started-at="2025-09-24T08:02:45 IST" name="logout" finished-at="2025-09-24T08:02:47 IST" duration-ms="2470" status="PASS">
          <reporter-output>
          </reporter-output>
        </test-method> <!-- logout -->
        <test-method signature="loginToOHRM(java.lang.String,java.lang.String)[pri:0, instance:com.TestNGDemos.D15LoginToOHRM_DDF@6ed3ccb2]" started-at="2025-09-24T08:02:47 IST" name="loginToOHRM" data-provider="getLoginDetails" finished-at="2025-09-24T08:02:49 IST" duration-ms="1556" status="PASS">
          <params>
            <param index="0">
              <value>
                <![CDATA[sheetal]]>
              </value>
            </param>
            <param index="1">
              <value>
                <![CDATA[sheetal123]]>
              </value>
            </param>
          </params>
          <reporter-output>
          </reporter-output>
        </test-method> <!-- loginToOHRM -->
        <test-method is-config="true" signature="logout()[pri:0, instance:com.TestNGDemos.D15LoginToOHRM_DDF@6ed3ccb2]" started-at="2025-09-24T08:02:49 IST" name="logout" finished-at="2025-09-24T08:02:50 IST" duration-ms="1089" status="PASS">
          <reporter-output>
          </reporter-output>
        </test-method> <!-- logout -->
        <test-method signature="loginToOHRM(java.lang.String,java.lang.String)[pri:0, instance:com.TestNGDemos.D15LoginToOHRM_DDF@6ed3ccb2]" started-at="2025-09-24T08:02:50 IST" name="loginToOHRM" data-provider="getLoginDetails" finished-at="2025-09-24T08:02:50 IST" duration-ms="343" status="PASS">
          <params>
            <param index="0">
              <value>
                <![CDATA[admin]]>
              </value>
            </param>
            <param index="1">
              <value>
                <![CDATA[admin123]]>
              </value>
            </param>
          </params>
          <reporter-output>
          </reporter-output>
        </test-method> <!-- loginToOHRM -->
        <test-method is-config="true" signature="logout()[pri:0, instance:com.TestNGDemos.D15LoginToOHRM_DDF@6ed3ccb2]" started-at="2025-09-24T08:02:50 IST" name="logout" finished-at="2025-09-24T08:02:54 IST" duration-ms="3350" status="PASS">
          <reporter-output>
          </reporter-output>
        </test-method> <!-- logout -->
        <test-method signature="loginToOHRM(java.lang.String,java.lang.String)[pri:0, instance:com.TestNGDemos.D15LoginToOHRM_DDF@6ed3ccb2]" started-at="2025-09-24T08:02:54 IST" name="loginToOHRM" data-provider="getLoginDetails" finished-at="2025-09-24T08:02:55 IST" duration-ms="1563" status="PASS">
          <params>
            <param index="0">
              <value>
                <![CDATA[sharvari]]>
              </value>
            </param>
            <param index="1">
              <value>
                <![CDATA[sharvari123]]>
              </value>
            </param>
          </params>
          <reporter-output>
          </reporter-output>
        </test-method> <!-- loginToOHRM -->
        <test-method is-config="true" signature="logout()[pri:0, instance:com.TestNGDemos.D15LoginToOHRM_DDF@6ed3ccb2]" started-at="2025-09-24T08:02:55 IST" name="logout" finished-at="2025-09-24T08:02:56 IST" duration-ms="1046" status="PASS">
          <reporter-output>
          </reporter-output>
        </test-method> <!-- logout -->
        <test-method signature="loginToOHRM(java.lang.String,java.lang.String)[pri:0, instance:com.TestNGDemos.D15LoginToOHRM_DDF@6ed3ccb2]" started-at="2025-09-24T08:02:56 IST" name="loginToOHRM" data-provider="getLoginDetails" finished-at="2025-09-24T08:02:57 IST" duration-ms="1133" status="PASS">
          <params>
            <param index="0">
              <value>
                <![CDATA[megha]]>
              </value>
            </param>
            <param index="1">
              <value>
                <![CDATA[megha123]]>
              </value>
            </param>
          </params>
          <reporter-output>
          </reporter-output>
        </test-method> <!-- loginToOHRM -->
        <test-method is-config="true" signature="logout()[pri:0, instance:com.TestNGDemos.D15LoginToOHRM_DDF@6ed3ccb2]" started-at="2025-09-24T08:02:57 IST" name="logout" finished-at="2025-09-24T08:02:59 IST" duration-ms="1065" status="PASS">
          <reporter-output>
          </reporter-output>
        </test-method> <!-- logout -->
        <test-method signature="loginToOHRM(java.lang.String,java.lang.String)[pri:0, instance:com.TestNGDemos.D15LoginToOHRM_DDF@6ed3ccb2]" started-at="2025-09-24T08:02:59 IST" name="loginToOHRM" data-provider="getLoginDetails" finished-at="2025-09-24T08:02:59 IST" duration-ms="308" status="PASS">
          <params>
            <param index="0">
              <value>
                <![CDATA[shri]]>
              </value>
            </param>
            <param index="1">
              <value>
                <![CDATA[shri123]]>
              </value>
            </param>
          </params>
          <reporter-output>
          </reporter-output>
        </test-method> <!-- loginToOHRM -->
        <test-method is-config="true" signature="logout()[pri:0, instance:com.TestNGDemos.D15LoginToOHRM_DDF@6ed3ccb2]" started-at="2025-09-24T08:02:59 IST" name="logout" finished-at="2025-09-24T08:03:01 IST" duration-ms="2092" status="PASS">
          <reporter-output>
          </reporter-output>
        </test-method> <!-- logout -->
        <test-method is-config="true" signature="afterTest()[pri:0, instance:com.TestNGDemos.D15LoginToOHRM_DDF@6ed3ccb2]" started-at="2025-09-24T08:03:01 IST" name="afterTest" finished-at="2025-09-24T08:03:02 IST" duration-ms="797" status="PASS">
          <reporter-output>
          </reporter-output>
        </test-method> <!-- afterTest -->
      </class> <!-- com.TestNGDemos.D15LoginToOHRM_DDF -->
    </test> <!-- Default test -->
  </suite> <!-- Default suite -->
</testng-results>
