<?xml version="1.0" encoding="UTF-8"?>
<!-- Generated by org.testng.reporters.JUnitXMLReporter -->
<testsuite ignored="0" hostname="DESKTOP-G8O6OG0" failures="0" tests="4" name="Parallel Execution" time="30.097" errors="0" timestamp="2025-09-16T07:42:25 IST">
  <testcase classname="com.TestNGDemos.D02OnlineShopping" name="testMyntra" time="14.086"/>
  <testcase classname="com.TestNGDemos.D02OnlineShopping" name="testSmytten" time="14.151"/>
  <testcase classname="com.TestNGDemos.D02OnlineShopping" name="testAmazon" time="6.615"/>
  <testcase classname="com.TestNGDemos.D02OnlineShopping" name="testAjio" time="15.872"/>
</testsuite> <!-- Parallel Execution -->
