<?xml version="1.0" encoding="UTF-8"?>
<!-- Generated by org.testng.reporters.JUnitReportReporter -->
<testsuite hostname="DESKTOP-G8O6OG0" failures="0" tests="4" name="com.TestNGDemos.D02OnlineShopping" time="39.221" errors="0" timestamp="2025-09-14T07:59:59 IST" skipped="0">
  <testcase classname="com.TestNGDemos.D02OnlineShopping" name="testSmytten" time="10.721"/>
  <testcase classname="com.TestNGDemos.D02OnlineShopping" name="testMyntra" time="7.887"/>
  <testcase classname="com.TestNGDemos.D02OnlineShopping" name="testAmazon" time="4.185"/>
  <testcase classname="com.TestNGDemos.D02OnlineShopping" name="testAjio" time="16.428"/>
</testsuite> <!-- com.TestNGDemos.D02OnlineShopping -->
