<?xml version="1.0" encoding="UTF-8"?>
<!-- Generated by org.testng.reporters.JUnitReportReporter -->
<testsuite hostname="DESKTOP-G8O6OG0" failures="0" tests="4" name="com.TestNGDemos.D02OnlineShopping" time="50.724" errors="0" timestamp="2025-09-16T07:42:25 IST" skipped="0">
  <testcase classname="com.TestNGDemos.D02OnlineShopping" name="testSmytten" time="14.151"/>
  <testcase classname="com.TestNGDemos.D02OnlineShopping" name="testMyntra" time="14.086"/>
  <testcase classname="com.TestNGDemos.D02OnlineShopping" name="testAmazon" time="6.615"/>
  <testcase classname="com.TestNGDemos.D02OnlineShopping" name="testAjio" time="15.872"/>
</testsuite> <!-- com.TestNGDemos.D02OnlineShopping -->
