<?xml version="1.0" encoding="UTF-8"?>
<!-- Generated by org.testng.reporters.JUnitReportReporter -->
<testsuite hostname="DESKTOP-G8O6OG0" failures="0" tests="4" name="com.TestNGDemos.D06DataProviderDemo" time="13.438" errors="0" timestamp="2025-09-19T08:13:14 IST" skipped="0">
  <testcase classname="com.TestNGDemos.D06DataProviderDemo" name="login" time="6.972"/>
  <testcase classname="com.TestNGDemos.D06DataProviderDemo" name="login" time="1.597"/>
  <testcase classname="com.TestNGDemos.D06DataProviderDemo" name="login" time="2.723"/>
  <testcase classname="com.TestNGDemos.D06DataProviderDemo" name="login" time="2.146"/>
</testsuite> <!-- com.TestNGDemos.D06DataProviderDemo -->
