<?xml version="1.0" encoding="UTF-8"?>
<!-- Generated by org.testng.reporters.JUnitReportReporter -->
<testsuite hostname="DESKTOP-G8O6OG0" failures="0" tests="4" name="com.TestNGDemos.D03Before_AfterTest" time="25.611" errors="0" timestamp="2025-09-14T08:18:34 IST" skipped="0">
  <testcase classname="com.TestNGDemos.D03Before_AfterTest" name="testSmytten" time="6.255"/>
  <testcase classname="com.TestNGDemos.D03Before_AfterTest" name="testMyntra" time="5.645"/>
  <testcase classname="com.TestNGDemos.D03Before_AfterTest" name="testAmazon" time="1.728"/>
  <testcase classname="com.TestNGDemos.D03Before_AfterTest" name="testAjio" time="11.983"/>
</testsuite> <!-- com.TestNGDemos.D03Before_AfterTest -->
