<?xml version="1.0" encoding="UTF-8"?>
<!-- Generated by org.testng.reporters.JUnitReportReporter -->
<testsuite hostname="DESKTOP-G8O6OG0" failures="0" tests="4" name="com.Assignments.LoginToOHRM" time="14.707" errors="0" timestamp="2025-09-14T09:26:18 IST" skipped="0">
  <testcase classname="com.Assignments.LoginToOHRM" name="login4" time="4.932"/>
  <testcase classname="com.Assignments.LoginToOHRM" name="login2" time="4.212"/>
  <testcase classname="com.Assignments.LoginToOHRM" name="login1" time="3.717"/>
  <testcase classname="com.Assignments.LoginToOHRM" name="login3" time="1.846"/>
</testsuite> <!-- com.Assignments.LoginToOHRM -->
