<?xml version="1.0" encoding="UTF-8"?>
<!-- Generated by org.testng.reporters.JUnitReportReporter -->
<testsuite hostname="DESKTOP-G8O6OG0" failures="0" tests="2" name="com.TestNGDemos.D14ReadFromExcel" time="0.032" errors="0" timestamp="2025-09-23T08:23:46 IST" skipped="1">
  <testcase classname="com.TestNGDemos.D14ReadFromExcel" name="readAllData" time="0.032"/>
  <testcase classname="com.TestNGDemos.D14ReadFromExcel" name="readTheData">
    <skipped/>
  </testcase> <!-- readTheData -->
</testsuite> <!-- com.TestNGDemos.D14ReadFromExcel -->
