<?xml version="1.0" encoding="UTF-8"?>
<!-- Generated by org.testng.reporters.JUnitReportReporter -->
<testsuite hostname="DESKTOP-G8O6OG0" failures="0" tests="2" name="com.TestNGDemos.D05GoogleAssignment" time="23.641" errors="0" timestamp="2025-09-16T07:27:13 IST" skipped="0">
  <testcase classname="com.TestNGDemos.D05GoogleAssignment" name="advtTest" time="9.553"/>
  <testcase classname="com.TestNGDemos.D05GoogleAssignment" name="aboutTest" time="14.088"/>
</testsuite> <!-- com.TestNGDemos.D05GoogleAssignment -->
