<?xml version="1.0" encoding="UTF-8"?>
<!-- Generated by org.testng.reporters.JUnitReportReporter -->
<testsuite hostname="DESKTOP-G8O6OG0" failures="0" tests="4" name="com.TestNGDemos.D04Before_AfterMethod" time="26.698" errors="0" timestamp="2025-09-14T09:10:18 IST" skipped="0">
  <testcase classname="com.TestNGDemos.D04Before_AfterMethod" name="testSmytten" time="6.260"/>
  <testcase classname="com.TestNGDemos.D04Before_AfterMethod" name="testMyntra" time="5.235"/>
  <testcase classname="com.TestNGDemos.D04Before_AfterMethod" name="testAmazon" time="3.991"/>
  <testcase classname="com.TestNGDemos.D04Before_AfterMethod" name="testAjio" time="11.212"/>
</testsuite> <!-- com.TestNGDemos.D04Before_AfterMethod -->
