<?xml version="1.0" encoding="UTF-8"?>
<!-- Generated by org.testng.reporters.JUnitReportReporter -->
<testsuite hostname="DESKTOP-G8O6OG0" failures="0" tests="4" name="com.TestNGDemos.D05GoogleAssignment" time="36.700" errors="0" timestamp="2025-09-15T08:33:09 IST" skipped="0">
  <testcase classname="com.TestNGDemos.D05GoogleAssignment" name="gmailTest" time="9.448"/>
  <testcase classname="com.TestNGDemos.D05GoogleAssignment" name="imagesTest" time="5.727"/>
  <testcase classname="com.TestNGDemos.D05GoogleAssignment" name="advtTest" time="8.722"/>
  <testcase classname="com.TestNGDemos.D05GoogleAssignment" name="aboutTest" time="12.803"/>
</testsuite> <!-- com.TestNGDemos.D05GoogleAssignment -->
