<?xml version="1.0" encoding="UTF-8"?>
<!-- Generated by org.testng.reporters.JUnitReportReporter -->
<testsuite hostname="DESKTOP-G8O6OG0" failures="0" tests="4" name="com.TestNGDemos.D13CreateLoginData" time="0.065" errors="0" timestamp="2025-09-20T09:16:08 IST" skipped="0">
  <testcase classname="com.TestNGDemos.D13CreateLoginData" name="f" time="0.008"/>
  <testcase classname="com.TestNGDemos.D13CreateLoginData" name="f" time="0.008"/>
  <testcase classname="com.TestNGDemos.D13CreateLoginData" name="f" time="0.028"/>
  <testcase classname="com.TestNGDemos.D13CreateLoginData" name="f" time="0.021"/>
</testsuite> <!-- com.TestNGDemos.D13CreateLoginData -->
