<?xml version="1.0" encoding="UTF-8"?>
<!-- Generated by org.testng.reporters.JUnitXMLReporter -->
<testsuite ignored="0" hostname="DESKTOP-G8O6OG0" failures="0" tests="7" name="Default test" time="1.552" errors="0" timestamp="2025-09-27T08:45:55 IST">
  <testcase classname="com.WebTests.D04DataProviderDemo" name="showDetails" time="0.01"/>
  <testcase classname="com.WebTests.D04DataProviderDemo" name="showDetails" time="0.007"/>
  <testcase classname="com.WebTests.D04DataProviderDemo" name="showDetails" time="0.006"/>
  <testcase classname="com.WebTests.D04DataProviderDemo" name="showDetails" time="0.005"/>
  <testcase classname="com.WebTests.D04DataProviderDemo" name="showDetails" time="0.002"/>
  <testcase classname="com.WebTests.D04DataProviderDemo" name="showDetails" time="0.002"/>
  <testcase classname="com.WebTests.D04DataProviderDemo" name="showDetails" time="0.004"/>
</testsuite> <!-- Default test -->
