<?xml version="1.0" encoding="UTF-8"?>
<!-- Generated by org.testng.reporters.JUnitXMLReporter -->
<testsuite ignored="2" hostname="DESKTOP-G8O6OG0" failures="0" tests="2" name="Execute Group" time="27.365" errors="0" timestamp="2025-09-16T07:27:12 IST">
  <testcase classname="com.TestNGDemos.D05GoogleAssignment" name="advtTest" time="5.83"/>
  <testcase classname="com.TestNGDemos.D05GoogleAssignment" name="aboutTest" time="9.606"/>
  <testcase classname="com.TestNGDemos.D05GoogleAssignment" name="imagesTest" time="0.0">
    <ignored/>
  </testcase> <!-- imagesTest -->
  <testcase classname="com.TestNGDemos.D05GoogleAssignment" name="gmailTest" time="0.0">
    <ignored/>
  </testcase> <!-- gmailTest -->
</testsuite> <!-- Execute Group -->
