<?xml version="1.0" encoding="UTF-8"?>
<!-- Generated by org.testng.reporters.JUnitXMLReporter -->
<testsuite ignored="0" hostname="DESKTOP-G8O6OG0" failures="2" tests="8" name="Execute Single Test" time="63.451" errors="0" timestamp="2025-09-15T08:33:09 IST">
  <testcase classname="com.TestNGDemos.D05GoogleAssignment" name="gmailTest" time="7.646"/>
  <testcase classname="com.TestNGDemos.D05GoogleAssignment" name="imagesTest" time="1.305"/>
  <testcase classname="com.TestNGDemos.D05GoogleAssignment" name="advtTest" time="6.023"/>
  <testcase classname="com.TestNGDemos.D05GoogleAssignment" name="aboutTest" time="7.916"/>
  <testcase classname="com.TestNGDemos.D07AssertionDemo" name="login" time="1.753"/>
  <testcase classname="com.TestNGDemos.D07AssertionDemo" name="login" time="1.833">
    <failure type="java.lang.AssertionError" message="Invalid credentials expected [true] but found [false]">
      <![CDATA[java.lang.AssertionError: Invalid credentials expected [true] but found [false]
at com.TestNGDemos.D07AssertionDemo.login(D07AssertionDemo.java:27)
at java.base/java.util.ArrayList.forEach(ArrayList.java:1511)
... Removed 30 stack frames]]>
    </failure>
  </testcase> <!-- login -->
  <testcase classname="com.TestNGDemos.D07AssertionDemo" name="login" time="2.112"/>
  <testcase classname="com.TestNGDemos.D07AssertionDemo" name="login" time="1.774">
    <failure type="java.lang.AssertionError" message="Invalid credentials expected [true] but found [false]">
      <![CDATA[java.lang.AssertionError: Invalid credentials expected [true] but found [false]
at com.TestNGDemos.D07AssertionDemo.login(D07AssertionDemo.java:27)
at java.base/java.util.ArrayList.forEach(ArrayList.java:1511)
... Removed 30 stack frames]]>
    </failure>
  </testcase> <!-- login -->
</testsuite> <!-- Execute Single Test -->
