<?xml version="1.0" encoding="UTF-8"?>
<!-- Generated by org.testng.reporters.JUnitXMLReporter -->
<testsuite ignored="1" hostname="DESKTOP-G8O6OG0" failures="0" tests="1" name="Default test" time="1.753" errors="0" timestamp="2025-09-23T08:23:46 IST">
  <testcase classname="com.TestNGDemos.D14ReadFromExcel" name="readAllData" time="0.032"/>
  <testcase classname="com.TestNGDemos.D14ReadFromExcel" name="readTheData" time="0.0">
    <ignored/>
  </testcase> <!-- readTheData -->
</testsuite> <!-- Default test -->
