<?xml version="1.0" encoding="UTF-8"?>
<!-- Generated by org.testng.reporters.JUnitXMLReporter -->
<testsuite ignored="0" hostname="DESKTOP-G8O6OG0" failures="0" tests="6" name="Default test" time="30.996" errors="0" timestamp="2025-09-24T08:03:02 IST">
  <testcase classname="com.TestNGDemos.D15LoginToOHRM_DDF" name="loginToOHRM" time="2.337"/>
  <testcase classname="com.TestNGDemos.D15LoginToOHRM_DDF" name="loginToOHRM" time="1.556"/>
  <testcase classname="com.TestNGDemos.D15LoginToOHRM_DDF" name="loginToOHRM" time="0.343"/>
  <testcase classname="com.TestNGDemos.D15LoginToOHRM_DDF" name="loginToOHRM" time="1.563"/>
  <testcase classname="com.TestNGDemos.D15LoginToOHRM_DDF" name="loginToOHRM" time="1.133"/>
  <testcase classname="com.TestNGDemos.D15LoginToOHRM_DDF" name="loginToOHRM" time="0.308"/>
</testsuite> <!-- Default test -->
