<?xml version="1.0" encoding="UTF-8"?>
<!-- Generated by org.testng.reporters.JUnitReportReporter -->
<testsuite hostname="DESKTOP-G8O6OG0" failures="0" tests="7" name="com.WebTests.D04DataProviderDemo" time="0.036" errors="0" timestamp="2025-09-27T08:45:55 IST" skipped="0">
  <testcase classname="com.WebTests.D04DataProviderDemo" name="showDetails" time="0.006"/>
  <testcase classname="com.WebTests.D04DataProviderDemo" name="showDetails" time="0.007"/>
  <testcase classname="com.WebTests.D04DataProviderDemo" name="showDetails" time="0.005"/>
  <testcase classname="com.WebTests.D04DataProviderDemo" name="showDetails" time="0.002"/>
  <testcase classname="com.WebTests.D04DataProviderDemo" name="showDetails" time="0.004"/>
  <testcase classname="com.WebTests.D04DataProviderDemo" name="showDetails" time="0.010"/>
  <testcase classname="com.WebTests.D04DataProviderDemo" name="showDetails" time="0.002"/>
</testsuite> <!-- com.WebTests.D04DataProviderDemo -->
